[2025-06-27 23:12:13] ERROR: MongoServerError: E11000 duplicate key error collection: sgr_db.clientes index: dni_1 dup key: { dni: "37909102" }
    at C:\Users\Jose\Desktop\SGR-BACKEND_V1\node_modules\mongodb\lib\operations\insert.js:50:33
    at C:\Users\Jose\Desktop\SGR-BACKEND_V1\node_modules\mongodb\lib\cmap\connection_pool.js:331:21
    at C:\Users\Jose\Desktop\SGR-BACKEND_V1\node_modules\mongodb\lib\sdam\server.js:209:17
    at handleOperationResult (C:\Users\Jose\Desktop\SGR-BACKEND_V1\node_modules\mongodb\lib\sdam\server.js:337:20)
    at Connection.onMessage (C:\Users\Jose\Desktop\SGR-BACKEND_V1\node_modules\mongodb\lib\cmap\connection.js:206:9)
    at MessageStream.<anonymous> (C:\Users\Jose\Desktop\SGR-BACKEND_V1\node_modules\mongodb\lib\cmap\connection.js:61:60)
    at MessageStream.emit (node:events:518:28)
    at processIncomingData (C:\Users\Jose\Desktop\SGR-BACKEND_V1\node_modules\mongodb\lib\cmap\message_stream.js:124:16)
    at MessageStream._write (C:\Users\Jose\Desktop\SGR-BACKEND_V1\node_modules\mongodb\lib\cmap\message_stream.js:33:9)
    at writeOrBuffer (node:internal/streams/writable:572:12)
[2025-06-30 14:13:24] ERROR: MongooseError: Operation `usuarios.findOne()` buffering timed out after 10000ms
    at Timeout.<anonymous> (C:\Users\Maldonado Jose\Desktop\SGR-BACKEND_V1\node_modules\mongoose\lib\drivers\node-mongodb-native\collection.js:186:23)
    at listOnTimeout (node:internal/timers:588:17)
    at process.processTimers (node:internal/timers:523:7)
[2025-07-01 11:24:30] ERROR: MongooseError: Operation `usuarios.findOne()` buffering timed out after 10000ms
    at Timeout.<anonymous> (C:\Users\Maldonado Jose\Desktop\SGR-BACKEND_V1\node_modules\mongoose\lib\drivers\node-mongodb-native\collection.js:186:23)
    at listOnTimeout (node:internal/timers:588:17)
    at process.processTimers (node:internal/timers:523:7)
[2025-07-01 11:25:08] ERROR: MongooseError: Operation `usuarios.findOne()` buffering timed out after 10000ms
    at Timeout.<anonymous> (C:\Users\Maldonado Jose\Desktop\SGR-BACKEND_V1\node_modules\mongoose\lib\drivers\node-mongodb-native\collection.js:186:23)
    at listOnTimeout (node:internal/timers:588:17)
    at process.processTimers (node:internal/timers:523:7)
[2025-07-10 13:44:48] ERROR: CastError: Cast to date failed for value "Invalid Date" (type Date) at path "fecha" for model "Reserva"
    at SchemaDate.cast (C:\Users\Maldonado Jose\Desktop\SGR-BACKEND_V1\node_modules\mongoose\lib\schema\date.js:376:11)
    at SchemaDate.handleSingle (C:\Users\Maldonado Jose\Desktop\SGR-BACKEND_V1\node_modules\mongoose\lib\schema\date.js:388:15)
    at SchemaDate.castForQuery (C:\Users\Maldonado Jose\Desktop\SGR-BACKEND_V1\node_modules\mongoose\lib\schema\date.js:419:18)
    at cast (C:\Users\Maldonado Jose\Desktop\SGR-BACKEND_V1\node_modules\mongoose\lib\cast.js:334:39)
    at Query.cast (C:\Users\Maldonado Jose\Desktop\SGR-BACKEND_V1\node_modules\mongoose\lib\query.js:4900:12)
    at model.Query._countDocuments (C:\Users\Maldonado Jose\Desktop\SGR-BACKEND_V1\node_modules\mongoose\lib\query.js:2636:10)
    at model.Query.exec (C:\Users\Maldonado Jose\Desktop\SGR-BACKEND_V1\node_modules\mongoose\lib\query.js:4419:28)
    at process.processTicksAndRejections (node:internal/process/task_queues:105:5)
    at async getReservaClienteRango (C:\Users\Maldonado Jose\Desktop\SGR-BACKEND_V1\controllers\reserva.js:423:19)
