[2025-06-30 14:13:24] ERROR: MongooseError: Operation `usuarios.findOne()` buffering timed out after 10000ms
    at Timeout.<anonymous> (C:\Users\Maldonado Jose\Desktop\SGR-BACKEND_V1\node_modules\mongoose\lib\drivers\node-mongodb-native\collection.js:186:23)
    at listOnTimeout (node:internal/timers:588:17)
    at process.processTimers (node:internal/timers:523:7)
[2025-07-01 11:24:30] ERROR: MongooseError: Operation `usuarios.findOne()` buffering timed out after 10000ms
    at Timeout.<anonymous> (C:\Users\Maldonado Jose\Desktop\SGR-BACKEND_V1\node_modules\mongoose\lib\drivers\node-mongodb-native\collection.js:186:23)
    at listOnTimeout (node:internal/timers:588:17)
    at process.processTimers (node:internal/timers:523:7)
[2025-07-01 11:25:08] ERROR: MongooseError: Operation `usuarios.findOne()` buffering timed out after 10000ms
    at Timeout.<anonymous> (C:\Users\Maldonado Jose\Desktop\SGR-BACKEND_V1\node_modules\mongoose\lib\drivers\node-mongodb-native\collection.js:186:23)
    at listOnTimeout (node:internal/timers:588:17)
    at process.processTimers (node:internal/timers:523:7)
[2025-07-10 13:44:48] ERROR: CastError: Cast to date failed for value "Invalid Date" (type Date) at path "fecha" for model "Reserva"
    at SchemaDate.cast (C:\Users\Maldonado Jose\Desktop\SGR-BACKEND_V1\node_modules\mongoose\lib\schema\date.js:376:11)
    at SchemaDate.handleSingle (C:\Users\Maldonado Jose\Desktop\SGR-BACKEND_V1\node_modules\mongoose\lib\schema\date.js:388:15)
    at SchemaDate.castForQuery (C:\Users\Maldonado Jose\Desktop\SGR-BACKEND_V1\node_modules\mongoose\lib\schema\date.js:419:18)
    at cast (C:\Users\Maldonado Jose\Desktop\SGR-BACKEND_V1\node_modules\mongoose\lib\cast.js:334:39)
    at Query.cast (C:\Users\Maldonado Jose\Desktop\SGR-BACKEND_V1\node_modules\mongoose\lib\query.js:4900:12)
    at model.Query._countDocuments (C:\Users\Maldonado Jose\Desktop\SGR-BACKEND_V1\node_modules\mongoose\lib\query.js:2636:10)
    at model.Query.exec (C:\Users\Maldonado Jose\Desktop\SGR-BACKEND_V1\node_modules\mongoose\lib\query.js:4419:28)
    at process.processTicksAndRejections (node:internal/process/task_queues:105:5)
    at async getReservaClienteRango (C:\Users\Maldonado Jose\Desktop\SGR-BACKEND_V1\controllers\reserva.js:423:19)
[2025-07-15 17:44:50] ERROR: CastError: Cast to date failed for value "Invalid Date" (type Date) at path "fecha" for model "Reserva"
    at SchemaDate.cast (C:\Users\Jose\Desktop\SGR-BACKEND_V1\node_modules\mongoose\lib\schema\date.js:376:11)
    at SchemaDate.handleSingle (C:\Users\Jose\Desktop\SGR-BACKEND_V1\node_modules\mongoose\lib\schema\date.js:388:15)
    at SchemaDate.castForQuery (C:\Users\Jose\Desktop\SGR-BACKEND_V1\node_modules\mongoose\lib\schema\date.js:419:18)
    at cast (C:\Users\Jose\Desktop\SGR-BACKEND_V1\node_modules\mongoose\lib\cast.js:334:39)
    at Query.cast (C:\Users\Jose\Desktop\SGR-BACKEND_V1\node_modules\mongoose\lib\query.js:4900:12)
    at model.Query._countDocuments (C:\Users\Jose\Desktop\SGR-BACKEND_V1\node_modules\mongoose\lib\query.js:2636:10)
    at model.Query.exec (C:\Users\Jose\Desktop\SGR-BACKEND_V1\node_modules\mongoose\lib\query.js:4419:28)
    at process.processTicksAndRejections (node:internal/process/task_queues:105:5)
    at async getReservaClienteRango (C:\Users\Jose\Desktop\SGR-BACKEND_V1\controllers\reserva.js:423:19)
[2025-07-15 17:50:33] ERROR: CastError: Cast to date failed for value "Invalid Date" (type Date) at path "fecha" for model "Reserva"
    at SchemaDate.cast (C:\Users\Jose\Desktop\SGR-BACKEND_V1\node_modules\mongoose\lib\schema\date.js:376:11)
    at SchemaDate.handleSingle (C:\Users\Jose\Desktop\SGR-BACKEND_V1\node_modules\mongoose\lib\schema\date.js:388:15)
    at SchemaDate.castForQuery (C:\Users\Jose\Desktop\SGR-BACKEND_V1\node_modules\mongoose\lib\schema\date.js:419:18)
    at cast (C:\Users\Jose\Desktop\SGR-BACKEND_V1\node_modules\mongoose\lib\cast.js:334:39)
    at Query.cast (C:\Users\Jose\Desktop\SGR-BACKEND_V1\node_modules\mongoose\lib\query.js:4900:12)
    at model.Query._countDocuments (C:\Users\Jose\Desktop\SGR-BACKEND_V1\node_modules\mongoose\lib\query.js:2636:10)
    at model.Query.exec (C:\Users\Jose\Desktop\SGR-BACKEND_V1\node_modules\mongoose\lib\query.js:4419:28)
    at process.processTicksAndRejections (node:internal/process/task_queues:105:5)
    at async getReservaClienteRango (C:\Users\Jose\Desktop\SGR-BACKEND_V1\controllers\reserva.js:423:19)
[2025-07-15 17:51:19] ERROR: CastError: Cast to date failed for value "Invalid Date" (type Date) at path "fecha" for model "Reserva"
    at SchemaDate.cast (C:\Users\Jose\Desktop\SGR-BACKEND_V1\node_modules\mongoose\lib\schema\date.js:376:11)
    at SchemaDate.handleSingle (C:\Users\Jose\Desktop\SGR-BACKEND_V1\node_modules\mongoose\lib\schema\date.js:388:15)
    at SchemaDate.castForQuery (C:\Users\Jose\Desktop\SGR-BACKEND_V1\node_modules\mongoose\lib\schema\date.js:419:18)
    at cast (C:\Users\Jose\Desktop\SGR-BACKEND_V1\node_modules\mongoose\lib\cast.js:334:39)
    at Query.cast (C:\Users\Jose\Desktop\SGR-BACKEND_V1\node_modules\mongoose\lib\query.js:4900:12)
    at model.Query._countDocuments (C:\Users\Jose\Desktop\SGR-BACKEND_V1\node_modules\mongoose\lib\query.js:2636:10)
    at model.Query.exec (C:\Users\Jose\Desktop\SGR-BACKEND_V1\node_modules\mongoose\lib\query.js:4419:28)
    at process.processTicksAndRejections (node:internal/process/task_queues:105:5)
    at async getReservaClienteRango (C:\Users\Jose\Desktop\SGR-BACKEND_V1\controllers\reserva.js:423:19)
[2025-07-15 17:57:46] ERROR: CastError: Cast to date failed for value "Invalid Date" (type Date) at path "fecha" for model "Reserva"
    at SchemaDate.cast (C:\Users\Jose\Desktop\SGR-BACKEND_V1\node_modules\mongoose\lib\schema\date.js:376:11)
    at SchemaDate.handleSingle (C:\Users\Jose\Desktop\SGR-BACKEND_V1\node_modules\mongoose\lib\schema\date.js:388:15)
    at SchemaDate.castForQuery (C:\Users\Jose\Desktop\SGR-BACKEND_V1\node_modules\mongoose\lib\schema\date.js:419:18)
    at cast (C:\Users\Jose\Desktop\SGR-BACKEND_V1\node_modules\mongoose\lib\cast.js:334:39)
    at Query.cast (C:\Users\Jose\Desktop\SGR-BACKEND_V1\node_modules\mongoose\lib\query.js:4900:12)
    at model.Query._countDocuments (C:\Users\Jose\Desktop\SGR-BACKEND_V1\node_modules\mongoose\lib\query.js:2636:10)
    at model.Query.exec (C:\Users\Jose\Desktop\SGR-BACKEND_V1\node_modules\mongoose\lib\query.js:4419:28)
    at process.processTicksAndRejections (node:internal/process/task_queues:105:5)
    at async getReservaClienteRango (C:\Users\Jose\Desktop\SGR-BACKEND_V1\controllers\reserva.js:423:19)
[2025-07-15 17:58:04] ERROR: CastError: Cast to date failed for value "Invalid Date" (type Date) at path "fecha" for model "Reserva"
    at SchemaDate.cast (C:\Users\Jose\Desktop\SGR-BACKEND_V1\node_modules\mongoose\lib\schema\date.js:376:11)
    at SchemaDate.handleSingle (C:\Users\Jose\Desktop\SGR-BACKEND_V1\node_modules\mongoose\lib\schema\date.js:388:15)
    at SchemaDate.castForQuery (C:\Users\Jose\Desktop\SGR-BACKEND_V1\node_modules\mongoose\lib\schema\date.js:419:18)
    at cast (C:\Users\Jose\Desktop\SGR-BACKEND_V1\node_modules\mongoose\lib\cast.js:334:39)
    at Query.cast (C:\Users\Jose\Desktop\SGR-BACKEND_V1\node_modules\mongoose\lib\query.js:4900:12)
    at model.Query._countDocuments (C:\Users\Jose\Desktop\SGR-BACKEND_V1\node_modules\mongoose\lib\query.js:2636:10)
    at model.Query.exec (C:\Users\Jose\Desktop\SGR-BACKEND_V1\node_modules\mongoose\lib\query.js:4419:28)
    at process.processTicksAndRejections (node:internal/process/task_queues:105:5)
    at async getReservaClienteRango (C:\Users\Jose\Desktop\SGR-BACKEND_V1\controllers\reserva.js:423:19)
[2025-07-15 17:58:16] ERROR: CastError: Cast to date failed for value "Invalid Date" (type Date) at path "fecha" for model "Reserva"
    at SchemaDate.cast (C:\Users\Jose\Desktop\SGR-BACKEND_V1\node_modules\mongoose\lib\schema\date.js:376:11)
    at SchemaDate.handleSingle (C:\Users\Jose\Desktop\SGR-BACKEND_V1\node_modules\mongoose\lib\schema\date.js:388:15)
    at SchemaDate.castForQuery (C:\Users\Jose\Desktop\SGR-BACKEND_V1\node_modules\mongoose\lib\schema\date.js:419:18)
    at cast (C:\Users\Jose\Desktop\SGR-BACKEND_V1\node_modules\mongoose\lib\cast.js:334:39)
    at Query.cast (C:\Users\Jose\Desktop\SGR-BACKEND_V1\node_modules\mongoose\lib\query.js:4900:12)
    at model.Query._countDocuments (C:\Users\Jose\Desktop\SGR-BACKEND_V1\node_modules\mongoose\lib\query.js:2636:10)
    at model.Query.exec (C:\Users\Jose\Desktop\SGR-BACKEND_V1\node_modules\mongoose\lib\query.js:4419:28)
    at process.processTicksAndRejections (node:internal/process/task_queues:105:5)
    at async getReservaClienteRango (C:\Users\Jose\Desktop\SGR-BACKEND_V1\controllers\reserva.js:423:19)
[2025-07-15 17:59:08] ERROR: CastError: Cast to date failed for value "Invalid Date" (type Date) at path "fecha" for model "Reserva"
    at SchemaDate.cast (C:\Users\Jose\Desktop\SGR-BACKEND_V1\node_modules\mongoose\lib\schema\date.js:376:11)
    at SchemaDate.handleSingle (C:\Users\Jose\Desktop\SGR-BACKEND_V1\node_modules\mongoose\lib\schema\date.js:388:15)
    at SchemaDate.castForQuery (C:\Users\Jose\Desktop\SGR-BACKEND_V1\node_modules\mongoose\lib\schema\date.js:419:18)
    at cast (C:\Users\Jose\Desktop\SGR-BACKEND_V1\node_modules\mongoose\lib\cast.js:334:39)
    at Query.cast (C:\Users\Jose\Desktop\SGR-BACKEND_V1\node_modules\mongoose\lib\query.js:4900:12)
    at model.Query._countDocuments (C:\Users\Jose\Desktop\SGR-BACKEND_V1\node_modules\mongoose\lib\query.js:2636:10)
    at model.Query.exec (C:\Users\Jose\Desktop\SGR-BACKEND_V1\node_modules\mongoose\lib\query.js:4419:28)
    at process.processTicksAndRejections (node:internal/process/task_queues:105:5)
    at async getReservaClienteRango (C:\Users\Jose\Desktop\SGR-BACKEND_V1\controllers\reserva.js:423:19)
[2025-07-16 16:25:09] ERROR: CastError: Cast to date failed for value "Invalid Date" (type Date) at path "fecha" for model "Reserva"
    at SchemaDate.cast (C:\Users\Jose\Desktop\SGR-BACKEND_V1\node_modules\mongoose\lib\schema\date.js:376:11)
    at SchemaDate.handleSingle (C:\Users\Jose\Desktop\SGR-BACKEND_V1\node_modules\mongoose\lib\schema\date.js:388:15)
    at SchemaDate.castForQuery (C:\Users\Jose\Desktop\SGR-BACKEND_V1\node_modules\mongoose\lib\schema\date.js:419:18)
    at cast (C:\Users\Jose\Desktop\SGR-BACKEND_V1\node_modules\mongoose\lib\cast.js:334:39)
    at Query.cast (C:\Users\Jose\Desktop\SGR-BACKEND_V1\node_modules\mongoose\lib\query.js:4900:12)
    at model.Query._countDocuments (C:\Users\Jose\Desktop\SGR-BACKEND_V1\node_modules\mongoose\lib\query.js:2636:10)
    at model.Query.exec (C:\Users\Jose\Desktop\SGR-BACKEND_V1\node_modules\mongoose\lib\query.js:4419:28)
    at process.processTicksAndRejections (node:internal/process/task_queues:105:5)
    at async getReservaFechaCancha (C:\Users\Jose\Desktop\SGR-BACKEND_V1\controllers\reserva.js:331:19)
[2025-07-16 16:25:25] ERROR: CastError: Cast to date failed for value "Invalid Date" (type Date) at path "fecha" for model "Reserva"
    at SchemaDate.cast (C:\Users\Jose\Desktop\SGR-BACKEND_V1\node_modules\mongoose\lib\schema\date.js:376:11)
    at SchemaDate.handleSingle (C:\Users\Jose\Desktop\SGR-BACKEND_V1\node_modules\mongoose\lib\schema\date.js:388:15)
    at SchemaDate.castForQuery (C:\Users\Jose\Desktop\SGR-BACKEND_V1\node_modules\mongoose\lib\schema\date.js:419:18)
    at cast (C:\Users\Jose\Desktop\SGR-BACKEND_V1\node_modules\mongoose\lib\cast.js:334:39)
    at Query.cast (C:\Users\Jose\Desktop\SGR-BACKEND_V1\node_modules\mongoose\lib\query.js:4900:12)
    at model.Query._countDocuments (C:\Users\Jose\Desktop\SGR-BACKEND_V1\node_modules\mongoose\lib\query.js:2636:10)
    at model.Query.exec (C:\Users\Jose\Desktop\SGR-BACKEND_V1\node_modules\mongoose\lib\query.js:4419:28)
    at process.processTicksAndRejections (node:internal/process/task_queues:105:5)
    at async getReservaFechaCancha (C:\Users\Jose\Desktop\SGR-BACKEND_V1\controllers\reserva.js:331:19)
[2025-07-16 16:28:53] ERROR: CastError: Cast to date failed for value "Invalid Date" (type Date) at path "fecha" for model "Reserva"
    at SchemaDate.cast (C:\Users\Jose\Desktop\SGR-BACKEND_V1\node_modules\mongoose\lib\schema\date.js:376:11)
    at SchemaDate.handleSingle (C:\Users\Jose\Desktop\SGR-BACKEND_V1\node_modules\mongoose\lib\schema\date.js:388:15)
    at SchemaDate.castForQuery (C:\Users\Jose\Desktop\SGR-BACKEND_V1\node_modules\mongoose\lib\schema\date.js:419:18)
    at cast (C:\Users\Jose\Desktop\SGR-BACKEND_V1\node_modules\mongoose\lib\cast.js:334:39)
    at Query.cast (C:\Users\Jose\Desktop\SGR-BACKEND_V1\node_modules\mongoose\lib\query.js:4900:12)
    at model.Query._countDocuments (C:\Users\Jose\Desktop\SGR-BACKEND_V1\node_modules\mongoose\lib\query.js:2636:10)
    at model.Query.exec (C:\Users\Jose\Desktop\SGR-BACKEND_V1\node_modules\mongoose\lib\query.js:4419:28)
    at process.processTicksAndRejections (node:internal/process/task_queues:105:5)
    at async getReservaFechaCancha (C:\Users\Jose\Desktop\SGR-BACKEND_V1\controllers\reserva.js:331:19)
[2025-07-16 17:14:35] ERROR: CastError: Cast to date failed for value "Invalid Date" (type Date) at path "fecha" for model "Reserva"
    at SchemaDate.cast (C:\Users\Jose\Desktop\SGR-BACKEND_V1\node_modules\mongoose\lib\schema\date.js:376:11)
    at SchemaDate.handleSingle (C:\Users\Jose\Desktop\SGR-BACKEND_V1\node_modules\mongoose\lib\schema\date.js:388:15)
    at SchemaDate.castForQuery (C:\Users\Jose\Desktop\SGR-BACKEND_V1\node_modules\mongoose\lib\schema\date.js:419:18)
    at cast (C:\Users\Jose\Desktop\SGR-BACKEND_V1\node_modules\mongoose\lib\cast.js:334:39)
    at Query.cast (C:\Users\Jose\Desktop\SGR-BACKEND_V1\node_modules\mongoose\lib\query.js:4900:12)
    at model.Query._countDocuments (C:\Users\Jose\Desktop\SGR-BACKEND_V1\node_modules\mongoose\lib\query.js:2636:10)
    at model.Query.exec (C:\Users\Jose\Desktop\SGR-BACKEND_V1\node_modules\mongoose\lib\query.js:4419:28)
    at process.processTicksAndRejections (node:internal/process/task_queues:105:5)
    at async getReservaFechaCancha (C:\Users\Jose\Desktop\SGR-BACKEND_V1\controllers\reserva.js:331:19)
[2025-07-16 17:15:56] ERROR: CastError: Cast to date failed for value "Invalid Date" (type Date) at path "fecha" for model "Reserva"
    at SchemaDate.cast (C:\Users\Jose\Desktop\SGR-BACKEND_V1\node_modules\mongoose\lib\schema\date.js:376:11)
    at SchemaDate.handleSingle (C:\Users\Jose\Desktop\SGR-BACKEND_V1\node_modules\mongoose\lib\schema\date.js:388:15)
    at SchemaDate.castForQuery (C:\Users\Jose\Desktop\SGR-BACKEND_V1\node_modules\mongoose\lib\schema\date.js:419:18)
    at cast (C:\Users\Jose\Desktop\SGR-BACKEND_V1\node_modules\mongoose\lib\cast.js:334:39)
    at Query.cast (C:\Users\Jose\Desktop\SGR-BACKEND_V1\node_modules\mongoose\lib\query.js:4900:12)
    at model.Query._countDocuments (C:\Users\Jose\Desktop\SGR-BACKEND_V1\node_modules\mongoose\lib\query.js:2636:10)
    at model.Query.exec (C:\Users\Jose\Desktop\SGR-BACKEND_V1\node_modules\mongoose\lib\query.js:4419:28)
    at process.processTicksAndRejections (node:internal/process/task_queues:105:5)
    at async getReservaFechaCancha (C:\Users\Jose\Desktop\SGR-BACKEND_V1\controllers\reserva.js:331:19)
[2025-07-16 17:18:24] ERROR: CastError: Cast to date failed for value "Invalid Date" (type Date) at path "fecha" for model "Reserva"
    at SchemaDate.cast (C:\Users\Jose\Desktop\SGR-BACKEND_V1\node_modules\mongoose\lib\schema\date.js:376:11)
    at SchemaDate.handleSingle (C:\Users\Jose\Desktop\SGR-BACKEND_V1\node_modules\mongoose\lib\schema\date.js:388:15)
    at SchemaDate.castForQuery (C:\Users\Jose\Desktop\SGR-BACKEND_V1\node_modules\mongoose\lib\schema\date.js:419:18)
    at cast (C:\Users\Jose\Desktop\SGR-BACKEND_V1\node_modules\mongoose\lib\cast.js:334:39)
    at Query.cast (C:\Users\Jose\Desktop\SGR-BACKEND_V1\node_modules\mongoose\lib\query.js:4900:12)
    at model.Query._countDocuments (C:\Users\Jose\Desktop\SGR-BACKEND_V1\node_modules\mongoose\lib\query.js:2636:10)
    at model.Query.exec (C:\Users\Jose\Desktop\SGR-BACKEND_V1\node_modules\mongoose\lib\query.js:4419:28)
    at process.processTicksAndRejections (node:internal/process/task_queues:105:5)
    at async getReservaFechaCancha (C:\Users\Jose\Desktop\SGR-BACKEND_V1\controllers\reserva.js:331:19)
[2025-07-16 22:41:39] ERROR: CastError: Cast to date failed for value "Invalid Date" (type Date) at path "fecha" for model "Reserva"
    at SchemaDate.cast (C:\Users\Jose\Desktop\SGR-BACKEND_V1\node_modules\mongoose\lib\schema\date.js:376:11)
    at SchemaDate.handleSingle (C:\Users\Jose\Desktop\SGR-BACKEND_V1\node_modules\mongoose\lib\schema\date.js:388:15)
    at SchemaDate.castForQuery (C:\Users\Jose\Desktop\SGR-BACKEND_V1\node_modules\mongoose\lib\schema\date.js:419:18)
    at cast (C:\Users\Jose\Desktop\SGR-BACKEND_V1\node_modules\mongoose\lib\cast.js:334:39)
    at Query.cast (C:\Users\Jose\Desktop\SGR-BACKEND_V1\node_modules\mongoose\lib\query.js:4900:12)
    at model.Query._countDocuments (C:\Users\Jose\Desktop\SGR-BACKEND_V1\node_modules\mongoose\lib\query.js:2636:10)
    at model.Query.exec (C:\Users\Jose\Desktop\SGR-BACKEND_V1\node_modules\mongoose\lib\query.js:4419:28)
    at process.processTicksAndRejections (node:internal/process/task_queues:105:5)
    at async getReservaFechaCancha (C:\Users\Jose\Desktop\SGR-BACKEND_V1\controllers\reserva.js:331:19)
[2025-07-16 22:55:37] ERROR: CastError: Cast to date failed for value "Invalid Date" (type Date) at path "fecha" for model "Reserva"
    at SchemaDate.cast (C:\Users\Jose\Desktop\SGR-BACKEND_V1\node_modules\mongoose\lib\schema\date.js:376:11)
    at SchemaDate.handleSingle (C:\Users\Jose\Desktop\SGR-BACKEND_V1\node_modules\mongoose\lib\schema\date.js:388:15)
    at SchemaDate.castForQuery (C:\Users\Jose\Desktop\SGR-BACKEND_V1\node_modules\mongoose\lib\schema\date.js:419:18)
    at cast (C:\Users\Jose\Desktop\SGR-BACKEND_V1\node_modules\mongoose\lib\cast.js:334:39)
    at Query.cast (C:\Users\Jose\Desktop\SGR-BACKEND_V1\node_modules\mongoose\lib\query.js:4900:12)
    at model.Query._countDocuments (C:\Users\Jose\Desktop\SGR-BACKEND_V1\node_modules\mongoose\lib\query.js:2636:10)
    at model.Query.exec (C:\Users\Jose\Desktop\SGR-BACKEND_V1\node_modules\mongoose\lib\query.js:4419:28)
    at process.processTicksAndRejections (node:internal/process/task_queues:105:5)
    at async getReservaFechaCancha (C:\Users\Jose\Desktop\SGR-BACKEND_V1\controllers\reserva.js:331:19)
[2025-07-16 22:56:39] ERROR: CastError: Cast to date failed for value "Invalid Date" (type Date) at path "fecha" for model "Reserva"
    at SchemaDate.cast (C:\Users\Jose\Desktop\SGR-BACKEND_V1\node_modules\mongoose\lib\schema\date.js:376:11)
    at SchemaDate.handleSingle (C:\Users\Jose\Desktop\SGR-BACKEND_V1\node_modules\mongoose\lib\schema\date.js:388:15)
    at SchemaDate.castForQuery (C:\Users\Jose\Desktop\SGR-BACKEND_V1\node_modules\mongoose\lib\schema\date.js:419:18)
    at cast (C:\Users\Jose\Desktop\SGR-BACKEND_V1\node_modules\mongoose\lib\cast.js:334:39)
    at Query.cast (C:\Users\Jose\Desktop\SGR-BACKEND_V1\node_modules\mongoose\lib\query.js:4900:12)
    at model.Query._countDocuments (C:\Users\Jose\Desktop\SGR-BACKEND_V1\node_modules\mongoose\lib\query.js:2636:10)
    at model.Query.exec (C:\Users\Jose\Desktop\SGR-BACKEND_V1\node_modules\mongoose\lib\query.js:4419:28)
    at process.processTicksAndRejections (node:internal/process/task_queues:105:5)
    at async getReservaFechaCancha (C:\Users\Jose\Desktop\SGR-BACKEND_V1\controllers\reserva.js:331:19)
[2025-08-05 16:36:19] ERROR: ReferenceError: filtroBase is not defined
    at obtenerHorasDisponibles (C:\Users\Maldonado Jose\Desktop\SGR-BACKEND_V1\controllers\reserva.js:147:9)
    at process.processTicksAndRejections (node:internal/process/task_queues:105:5)
[2025-08-05 16:36:39] ERROR: ReferenceError: filtroBase is not defined
    at obtenerHorasDisponibles (C:\Users\Maldonado Jose\Desktop\SGR-BACKEND_V1\controllers\reserva.js:147:9)
    at process.processTicksAndRejections (node:internal/process/task_queues:105:5)
[2025-08-05 16:41:15] ERROR: ReferenceError: mongoose is not defined
    at obtenerHorasDisponibles (C:\Users\Maldonado Jose\Desktop\SGR-BACKEND_V1\controllers\reserva.js:146:24)
    at process.processTicksAndRejections (node:internal/process/task_queues:105:5)
[2025-08-05 16:41:15] ERROR: ReferenceError: mongoose is not defined
    at obtenerHorasDisponibles (C:\Users\Maldonado Jose\Desktop\SGR-BACKEND_V1\controllers\reserva.js:146:24)
    at process.processTicksAndRejections (node:internal/process/task_queues:105:5)
[2025-08-05 16:41:16] ERROR: ReferenceError: mongoose is not defined
    at obtenerHorasDisponibles (C:\Users\Maldonado Jose\Desktop\SGR-BACKEND_V1\controllers\reserva.js:146:24)
    at process.processTicksAndRejections (node:internal/process/task_queues:105:5)
[2025-08-05 16:41:16] ERROR: ReferenceError: mongoose is not defined
    at obtenerHorasDisponibles (C:\Users\Maldonado Jose\Desktop\SGR-BACKEND_V1\controllers\reserva.js:146:24)
    at process.processTicksAndRejections (node:internal/process/task_queues:105:5)
[2025-08-05 16:41:21] ERROR: ReferenceError: mongoose is not defined
    at obtenerHorasDisponibles (C:\Users\Maldonado Jose\Desktop\SGR-BACKEND_V1\controllers\reserva.js:146:24)
    at process.processTicksAndRejections (node:internal/process/task_queues:105:5)
[2025-08-05 16:41:24] ERROR: ReferenceError: mongoose is not defined
    at obtenerHorasDisponibles (C:\Users\Maldonado Jose\Desktop\SGR-BACKEND_V1\controllers\reserva.js:146:24)
    at process.processTicksAndRejections (node:internal/process/task_queues:105:5)
[2025-08-05 16:41:27] ERROR: ReferenceError: mongoose is not defined
    at obtenerHorasDisponibles (C:\Users\Maldonado Jose\Desktop\SGR-BACKEND_V1\controllers\reserva.js:146:24)
    at process.processTicksAndRejections (node:internal/process/task_queues:105:5)
[2025-08-05 16:46:12] ERROR: ReferenceError: mongoose is not defined
    at obtenerHorasDisponibles (C:\Users\Maldonado Jose\Desktop\SGR-BACKEND_V1\controllers\reserva.js:156:22)
    at Layer.handle [as handle_request] (C:\Users\Maldonado Jose\Desktop\SGR-BACKEND_V1\node_modules\express\lib\router\layer.js:95:5)
    at next (C:\Users\Maldonado Jose\Desktop\SGR-BACKEND_V1\node_modules\express\lib\router\route.js:144:13)
    at validarJWT (C:\Users\Maldonado Jose\Desktop\SGR-BACKEND_V1\middlewares\validar-jwt.js:23:3)
    at Layer.handle [as handle_request] (C:\Users\Maldonado Jose\Desktop\SGR-BACKEND_V1\node_modules\express\lib\router\layer.js:95:5)
    at next (C:\Users\Maldonado Jose\Desktop\SGR-BACKEND_V1\node_modules\express\lib\router\route.js:144:13)
    at Route.dispatch (C:\Users\Maldonado Jose\Desktop\SGR-BACKEND_V1\node_modules\express\lib\router\route.js:114:3)
    at Layer.handle [as handle_request] (C:\Users\Maldonado Jose\Desktop\SGR-BACKEND_V1\node_modules\express\lib\router\layer.js:95:5)
    at C:\Users\Maldonado Jose\Desktop\SGR-BACKEND_V1\node_modules\express\lib\router\index.js:284:15
    at Function.process_params (C:\Users\Maldonado Jose\Desktop\SGR-BACKEND_V1\node_modules\express\lib\router\index.js:346:12)
[2025-08-05 16:46:19] ERROR: ReferenceError: mongoose is not defined
    at obtenerHorasDisponibles (C:\Users\Maldonado Jose\Desktop\SGR-BACKEND_V1\controllers\reserva.js:156:22)
    at Layer.handle [as handle_request] (C:\Users\Maldonado Jose\Desktop\SGR-BACKEND_V1\node_modules\express\lib\router\layer.js:95:5)
    at next (C:\Users\Maldonado Jose\Desktop\SGR-BACKEND_V1\node_modules\express\lib\router\route.js:144:13)
    at validarJWT (C:\Users\Maldonado Jose\Desktop\SGR-BACKEND_V1\middlewares\validar-jwt.js:23:3)
    at Layer.handle [as handle_request] (C:\Users\Maldonado Jose\Desktop\SGR-BACKEND_V1\node_modules\express\lib\router\layer.js:95:5)
    at next (C:\Users\Maldonado Jose\Desktop\SGR-BACKEND_V1\node_modules\express\lib\router\route.js:144:13)
    at Route.dispatch (C:\Users\Maldonado Jose\Desktop\SGR-BACKEND_V1\node_modules\express\lib\router\route.js:114:3)
    at Layer.handle [as handle_request] (C:\Users\Maldonado Jose\Desktop\SGR-BACKEND_V1\node_modules\express\lib\router\layer.js:95:5)
    at C:\Users\Maldonado Jose\Desktop\SGR-BACKEND_V1\node_modules\express\lib\router\index.js:284:15
    at Function.process_params (C:\Users\Maldonado Jose\Desktop\SGR-BACKEND_V1\node_modules\express\lib\router\index.js:346:12)
[2025-08-05 16:47:20] ERROR: ReferenceError: mongoose is not defined
    at obtenerHorasDisponibles (C:\Users\Maldonado Jose\Desktop\SGR-BACKEND_V1\controllers\reserva.js:147:24)
    at process.processTicksAndRejections (node:internal/process/task_queues:105:5)
[2025-08-05 16:47:31] ERROR: ReferenceError: reservaId is not defined
    at obtenerHorasDisponibles (C:\Users\Maldonado Jose\Desktop\SGR-BACKEND_V1\controllers\reserva.js:147:7)
    at process.processTicksAndRejections (node:internal/process/task_queues:105:5)
[2025-08-05 16:47:49] ERROR: ReferenceError: reservaId is not defined
    at obtenerHorasDisponibles (C:\Users\Maldonado Jose\Desktop\SGR-BACKEND_V1\controllers\reserva.js:147:7)
    at process.processTicksAndRejections (node:internal/process/task_queues:105:5)
[2025-08-05 16:47:49] ERROR: ReferenceError: reservaId is not defined
    at obtenerHorasDisponibles (C:\Users\Maldonado Jose\Desktop\SGR-BACKEND_V1\controllers\reserva.js:147:7)
    at process.processTicksAndRejections (node:internal/process/task_queues:105:5)
[2025-08-05 16:47:53] ERROR: ReferenceError: reservaId is not defined
    at obtenerHorasDisponibles (C:\Users\Maldonado Jose\Desktop\SGR-BACKEND_V1\controllers\reserva.js:147:7)
    at process.processTicksAndRejections (node:internal/process/task_queues:105:5)
[2025-08-05 16:48:08] ERROR: ReferenceError: reservaId is not defined
    at obtenerHorasDisponibles (C:\Users\Maldonado Jose\Desktop\SGR-BACKEND_V1\controllers\reserva.js:147:7)
    at process.processTicksAndRejections (node:internal/process/task_queues:105:5)
[2025-08-05 16:48:32] ERROR: ReferenceError: reservaId is not defined
    at obtenerHorasDisponibles (C:\Users\Maldonado Jose\Desktop\SGR-BACKEND_V1\controllers\reserva.js:147:7)
    at process.processTicksAndRejections (node:internal/process/task_queues:105:5)
[2025-08-05 16:48:36] ERROR: ReferenceError: reservaId is not defined
    at obtenerHorasDisponibles (C:\Users\Maldonado Jose\Desktop\SGR-BACKEND_V1\controllers\reserva.js:147:7)
    at process.processTicksAndRejections (node:internal/process/task_queues:105:5)
[2025-08-05 16:48:40] ERROR: ReferenceError: reservaId is not defined
    at obtenerHorasDisponibles (C:\Users\Maldonado Jose\Desktop\SGR-BACKEND_V1\controllers\reserva.js:147:7)
    at process.processTicksAndRejections (node:internal/process/task_queues:105:5)
[2025-08-05 16:48:43] ERROR: ReferenceError: reservaId is not defined
    at obtenerHorasDisponibles (C:\Users\Maldonado Jose\Desktop\SGR-BACKEND_V1\controllers\reserva.js:147:7)
    at process.processTicksAndRejections (node:internal/process/task_queues:105:5)
[2025-08-05 16:48:43] ERROR: ReferenceError: reservaId is not defined
    at obtenerHorasDisponibles (C:\Users\Maldonado Jose\Desktop\SGR-BACKEND_V1\controllers\reserva.js:147:7)
    at process.processTicksAndRejections (node:internal/process/task_queues:105:5)
[2025-08-05 16:48:58] ERROR: ReferenceError: reservaId is not defined
    at obtenerHorasDisponibles (C:\Users\Maldonado Jose\Desktop\SGR-BACKEND_V1\controllers\reserva.js:147:7)
    at process.processTicksAndRejections (node:internal/process/task_queues:105:5)
[2025-08-05 16:48:58] ERROR: ReferenceError: reservaId is not defined
    at obtenerHorasDisponibles (C:\Users\Maldonado Jose\Desktop\SGR-BACKEND_V1\controllers\reserva.js:147:7)
    at process.processTicksAndRejections (node:internal/process/task_queues:105:5)
[2025-08-05 16:49:00] ERROR: ReferenceError: reservaId is not defined
    at obtenerHorasDisponibles (C:\Users\Maldonado Jose\Desktop\SGR-BACKEND_V1\controllers\reserva.js:147:7)
    at process.processTicksAndRejections (node:internal/process/task_queues:105:5)
[2025-08-05 16:49:00] ERROR: ReferenceError: reservaId is not defined
    at obtenerHorasDisponibles (C:\Users\Maldonado Jose\Desktop\SGR-BACKEND_V1\controllers\reserva.js:147:7)
    at process.processTicksAndRejections (node:internal/process/task_queues:105:5)
[2025-08-05 16:49:02] ERROR: ReferenceError: reservaId is not defined
    at obtenerHorasDisponibles (C:\Users\Maldonado Jose\Desktop\SGR-BACKEND_V1\controllers\reserva.js:147:7)
    at process.processTicksAndRejections (node:internal/process/task_queues:105:5)
[2025-08-05 16:49:02] ERROR: ReferenceError: reservaId is not defined
    at obtenerHorasDisponibles (C:\Users\Maldonado Jose\Desktop\SGR-BACKEND_V1\controllers\reserva.js:147:7)
    at process.processTicksAndRejections (node:internal/process/task_queues:105:5)
[2025-08-05 16:49:05] ERROR: ReferenceError: reservaId is not defined
    at obtenerHorasDisponibles (C:\Users\Maldonado Jose\Desktop\SGR-BACKEND_V1\controllers\reserva.js:147:7)
    at process.processTicksAndRejections (node:internal/process/task_queues:105:5)
[2025-08-05 16:49:05] ERROR: ReferenceError: reservaId is not defined
    at obtenerHorasDisponibles (C:\Users\Maldonado Jose\Desktop\SGR-BACKEND_V1\controllers\reserva.js:147:7)
    at process.processTicksAndRejections (node:internal/process/task_queues:105:5)
[2025-08-05 16:49:27] ERROR: ReferenceError: mongoose is not defined
    at obtenerHorasDisponibles (C:\Users\Maldonado Jose\Desktop\SGR-BACKEND_V1\controllers\reserva.js:156:22)
    at Layer.handle [as handle_request] (C:\Users\Maldonado Jose\Desktop\SGR-BACKEND_V1\node_modules\express\lib\router\layer.js:95:5)
    at next (C:\Users\Maldonado Jose\Desktop\SGR-BACKEND_V1\node_modules\express\lib\router\route.js:144:13)
    at validarJWT (C:\Users\Maldonado Jose\Desktop\SGR-BACKEND_V1\middlewares\validar-jwt.js:23:3)
    at Layer.handle [as handle_request] (C:\Users\Maldonado Jose\Desktop\SGR-BACKEND_V1\node_modules\express\lib\router\layer.js:95:5)
    at next (C:\Users\Maldonado Jose\Desktop\SGR-BACKEND_V1\node_modules\express\lib\router\route.js:144:13)
    at Route.dispatch (C:\Users\Maldonado Jose\Desktop\SGR-BACKEND_V1\node_modules\express\lib\router\route.js:114:3)
    at Layer.handle [as handle_request] (C:\Users\Maldonado Jose\Desktop\SGR-BACKEND_V1\node_modules\express\lib\router\layer.js:95:5)
    at C:\Users\Maldonado Jose\Desktop\SGR-BACKEND_V1\node_modules\express\lib\router\index.js:284:15
    at Function.process_params (C:\Users\Maldonado Jose\Desktop\SGR-BACKEND_V1\node_modules\express\lib\router\index.js:346:12)
[2025-08-05 19:41:36] ERROR: ReferenceError: mongoose is not defined
    at obtenerHorasDisponibles (C:\Users\Jose\Desktop\SGR-BACKEND_V1\controllers\reserva.js:156:22)
    at Layer.handle [as handle_request] (C:\Users\Jose\Desktop\SGR-BACKEND_V1\node_modules\express\lib\router\layer.js:95:5)
    at next (C:\Users\Jose\Desktop\SGR-BACKEND_V1\node_modules\express\lib\router\route.js:144:13)
    at validarJWT (C:\Users\Jose\Desktop\SGR-BACKEND_V1\middlewares\validar-jwt.js:23:3)
    at Layer.handle [as handle_request] (C:\Users\Jose\Desktop\SGR-BACKEND_V1\node_modules\express\lib\router\layer.js:95:5)
    at next (C:\Users\Jose\Desktop\SGR-BACKEND_V1\node_modules\express\lib\router\route.js:144:13)
    at Route.dispatch (C:\Users\Jose\Desktop\SGR-BACKEND_V1\node_modules\express\lib\router\route.js:114:3)
    at Layer.handle [as handle_request] (C:\Users\Jose\Desktop\SGR-BACKEND_V1\node_modules\express\lib\router\layer.js:95:5)
    at C:\Users\Jose\Desktop\SGR-BACKEND_V1\node_modules\express\lib\router\index.js:284:15
    at Function.process_params (C:\Users\Jose\Desktop\SGR-BACKEND_V1\node_modules\express\lib\router\index.js:346:12)
[2025-08-05 19:42:22] ERROR: ReferenceError: reservaId is not defined
    at obtenerHorasDisponibles (C:\Users\Jose\Desktop\SGR-BACKEND_V1\controllers\reserva.js:156:5)
    at Layer.handle [as handle_request] (C:\Users\Jose\Desktop\SGR-BACKEND_V1\node_modules\express\lib\router\layer.js:95:5)
    at next (C:\Users\Jose\Desktop\SGR-BACKEND_V1\node_modules\express\lib\router\route.js:144:13)
    at validarJWT (C:\Users\Jose\Desktop\SGR-BACKEND_V1\middlewares\validar-jwt.js:23:3)
    at Layer.handle [as handle_request] (C:\Users\Jose\Desktop\SGR-BACKEND_V1\node_modules\express\lib\router\layer.js:95:5)
    at next (C:\Users\Jose\Desktop\SGR-BACKEND_V1\node_modules\express\lib\router\route.js:144:13)
    at Route.dispatch (C:\Users\Jose\Desktop\SGR-BACKEND_V1\node_modules\express\lib\router\route.js:114:3)
    at Layer.handle [as handle_request] (C:\Users\Jose\Desktop\SGR-BACKEND_V1\node_modules\express\lib\router\layer.js:95:5)
    at C:\Users\Jose\Desktop\SGR-BACKEND_V1\node_modules\express\lib\router\index.js:284:15
    at Function.process_params (C:\Users\Jose\Desktop\SGR-BACKEND_V1\node_modules\express\lib\router\index.js:346:12)
[2025-08-05 19:42:35] ERROR: ReferenceError: reservaId is not defined
    at obtenerHorasDisponibles (C:\Users\Jose\Desktop\SGR-BACKEND_V1\controllers\reserva.js:156:5)
    at Layer.handle [as handle_request] (C:\Users\Jose\Desktop\SGR-BACKEND_V1\node_modules\express\lib\router\layer.js:95:5)
    at next (C:\Users\Jose\Desktop\SGR-BACKEND_V1\node_modules\express\lib\router\route.js:144:13)
    at validarJWT (C:\Users\Jose\Desktop\SGR-BACKEND_V1\middlewares\validar-jwt.js:23:3)
    at Layer.handle [as handle_request] (C:\Users\Jose\Desktop\SGR-BACKEND_V1\node_modules\express\lib\router\layer.js:95:5)
    at next (C:\Users\Jose\Desktop\SGR-BACKEND_V1\node_modules\express\lib\router\route.js:144:13)
    at Route.dispatch (C:\Users\Jose\Desktop\SGR-BACKEND_V1\node_modules\express\lib\router\route.js:114:3)
    at Layer.handle [as handle_request] (C:\Users\Jose\Desktop\SGR-BACKEND_V1\node_modules\express\lib\router\layer.js:95:5)
    at C:\Users\Jose\Desktop\SGR-BACKEND_V1\node_modules\express\lib\router\index.js:284:15
    at Function.process_params (C:\Users\Jose\Desktop\SGR-BACKEND_V1\node_modules\express\lib\router\index.js:346:12)
[2025-08-05 19:42:35] ERROR: ReferenceError: reservaId is not defined
    at obtenerHorasDisponibles (C:\Users\Jose\Desktop\SGR-BACKEND_V1\controllers\reserva.js:156:5)
    at Layer.handle [as handle_request] (C:\Users\Jose\Desktop\SGR-BACKEND_V1\node_modules\express\lib\router\layer.js:95:5)
    at next (C:\Users\Jose\Desktop\SGR-BACKEND_V1\node_modules\express\lib\router\route.js:144:13)
    at validarJWT (C:\Users\Jose\Desktop\SGR-BACKEND_V1\middlewares\validar-jwt.js:23:3)
    at Layer.handle [as handle_request] (C:\Users\Jose\Desktop\SGR-BACKEND_V1\node_modules\express\lib\router\layer.js:95:5)
    at next (C:\Users\Jose\Desktop\SGR-BACKEND_V1\node_modules\express\lib\router\route.js:144:13)
    at Route.dispatch (C:\Users\Jose\Desktop\SGR-BACKEND_V1\node_modules\express\lib\router\route.js:114:3)
    at Layer.handle [as handle_request] (C:\Users\Jose\Desktop\SGR-BACKEND_V1\node_modules\express\lib\router\layer.js:95:5)
    at C:\Users\Jose\Desktop\SGR-BACKEND_V1\node_modules\express\lib\router\index.js:284:15
    at Function.process_params (C:\Users\Jose\Desktop\SGR-BACKEND_V1\node_modules\express\lib\router\index.js:346:12)
[2025-08-05 19:44:49] ERROR: ReferenceError: reservaId is not defined
    at obtenerHorasDisponibles (C:\Users\Jose\Desktop\SGR-BACKEND_V1\controllers\reserva.js:156:5)
    at Layer.handle [as handle_request] (C:\Users\Jose\Desktop\SGR-BACKEND_V1\node_modules\express\lib\router\layer.js:95:5)
    at next (C:\Users\Jose\Desktop\SGR-BACKEND_V1\node_modules\express\lib\router\route.js:144:13)
    at validarJWT (C:\Users\Jose\Desktop\SGR-BACKEND_V1\middlewares\validar-jwt.js:23:3)
    at Layer.handle [as handle_request] (C:\Users\Jose\Desktop\SGR-BACKEND_V1\node_modules\express\lib\router\layer.js:95:5)
    at next (C:\Users\Jose\Desktop\SGR-BACKEND_V1\node_modules\express\lib\router\route.js:144:13)
    at Route.dispatch (C:\Users\Jose\Desktop\SGR-BACKEND_V1\node_modules\express\lib\router\route.js:114:3)
    at Layer.handle [as handle_request] (C:\Users\Jose\Desktop\SGR-BACKEND_V1\node_modules\express\lib\router\layer.js:95:5)
    at C:\Users\Jose\Desktop\SGR-BACKEND_V1\node_modules\express\lib\router\index.js:284:15
    at Function.process_params (C:\Users\Jose\Desktop\SGR-BACKEND_V1\node_modules\express\lib\router\index.js:346:12)
[2025-08-05 19:44:49] ERROR: ReferenceError: reservaId is not defined
    at obtenerHorasDisponibles (C:\Users\Jose\Desktop\SGR-BACKEND_V1\controllers\reserva.js:156:5)
    at Layer.handle [as handle_request] (C:\Users\Jose\Desktop\SGR-BACKEND_V1\node_modules\express\lib\router\layer.js:95:5)
    at next (C:\Users\Jose\Desktop\SGR-BACKEND_V1\node_modules\express\lib\router\route.js:144:13)
    at validarJWT (C:\Users\Jose\Desktop\SGR-BACKEND_V1\middlewares\validar-jwt.js:23:3)
    at Layer.handle [as handle_request] (C:\Users\Jose\Desktop\SGR-BACKEND_V1\node_modules\express\lib\router\layer.js:95:5)
    at next (C:\Users\Jose\Desktop\SGR-BACKEND_V1\node_modules\express\lib\router\route.js:144:13)
    at Route.dispatch (C:\Users\Jose\Desktop\SGR-BACKEND_V1\node_modules\express\lib\router\route.js:114:3)
    at Layer.handle [as handle_request] (C:\Users\Jose\Desktop\SGR-BACKEND_V1\node_modules\express\lib\router\layer.js:95:5)
    at C:\Users\Jose\Desktop\SGR-BACKEND_V1\node_modules\express\lib\router\index.js:284:15
    at Function.process_params (C:\Users\Jose\Desktop\SGR-BACKEND_V1\node_modules\express\lib\router\index.js:346:12)
